Analysis initiated from SIMULIA established products
Abaqus JOB Job-1
Abaqus 2025
Abaqus License Manager checked out the following licenses:
Abaqus/Standard checked out 5 tokens from Flexnet server hlrslic1.hlrs.de.
<280 out of 400 licenses remain available>.
Begin Analysis Input File Processor
2/24/2026 12:39:51 PM
Run pre.exe
2/24/2026 12:40:01 PM
End Analysis Input File Processor
Begin Abaqus/Standard Analysis
2/24/2026 12:40:01 PM
Run standard.exe
2/24/2026 1:10:43 PM
Abaqus Error: Abaqus/Standard Analysis exited with an error - Please see the 
message file for possible error messages if the file exists.
Begin SIM Wrap-up
2/24/2026 1:10:45 PM
Run SMASimUtility.exe
2/24/2026 1:10:45 PM
End SIM Wrap-up
Abaqus/Analysis exited with errors
