1
0
1
ASSEMBLY
1
FINAL_PART-1
FINAL_PART
1
FINAL_PART-1
14
-2147483646
0
48 1 16 5 0 1 0 -1 -1 164902 1 -1879048189 1 164902 
14
48 1 16 5 0 1 0 -1 -1 164902 1 -1879048189 1 164902 
0
1
FINAL_PART-1
14
-2147483646
0
48 1 16 5 0 1 0 -1 -1 128467 1 -1879048189 1 128467 
14
48 1 16 5 0 1 0 -1 -1 128467 1 -1879048189 1 128467 
0
3
_PICKEDSET30
0
2
0
1
FINAL_PART-1
198
1405 1406 1407 1408 1409 1410 1411 1412 1413 1414 1415 1416 1417 1418 1419 1420 1421 1422 1423 1424 1425 1426 1427 1428 1429 1430 1431 1432 1433 1434 1435 1436 1437 1438 1439 1440 1441 1442 1443 1444 1445 1446 1447 1448 1449 1450 1451 1452 1453 1454 1455 1456 1457 1458 1459 1460 1461 1462 1463 1464 1465 1466 1467 1468 1469 1470 1471 1472 1473 1474 1475 1476 1477 1478 1479 1480 1481 1482 1483 1484 1485 1486 1487 1488 1489 1490 1491 1492 1493 1494 1495 1496 1497 1498 1499 1500 1501 1502 1503 1504 1505 1506 1507 1508 1509 1510 1511 1512 1513 1514 1515 1516 1517 1518 1519 1520 1521 1522 1523 1524 1525 1526 1527 1528 1529 1530 1531 1532 1533 1534 1535 1536 1537 1538 1539 1540 1541 1542 1543 1544 1545 1546 1547 1548 1549 1550 1551 1552 1553 1554 1555 1556 1557 1558 1559 1560 1561 1562 1563 1564 1565 1566 1567 1568 1569 1570 1571 1572 1573 1574 1575 1576 1577 1578 1579 1580 1581 1582 1583 1584 1585 1586 1587 1588 1589 1590 1591 1592 1593 1594 1595 1596 1597 1598 1599 1600 1601 1602 
0
__PICKEDSURF27_S2
0
2
0
1
FINAL_PART-1
14
-2147483647
48 1 16 5 0 1 0 -1 -1 6595 1 -1879048189 89363 6595 
0
__PICKEDSURF28_S2
0
2
0
1
FINAL_PART-1
14
-2147483647
48 1 16 5 0 1 0 -1 -1 6502 1 -1879048189 121966 6502 
0
1
FINAL_PART-1
2
_PICKEDSET38
0
2
14
-2147483647
48 1 16 5 0 1 0 -1 -1 1602 1 -1879048189 1 1602 
0
0
_PICKEDSET39
0
2
14
-2147483647
48 1 16 5 0 1 0 -1 -1 126865 1 -1879048189 1603 126865 
0
0
0
1
_PICKEDSET30
0
2
0
1
FINAL_PART-1
30
-2147483647
112 1 16 21 0 1 0 -1 -1 300 6 -1610612728 -1879048181 -1879048179 -1879048177 -1879048175 -1879048173 175 2 5 185 1 188 2 191 1 4569 196 4863 98 
0
1
FINAL_PART-1
2
_PICKEDSET38
0
2
17
-2147483647
60 1 16 8 0 1 0 -1 -1 4812 2 -1879048188 -1879048186 1 192 341 4620 
0
0
_PICKEDSET39
0
2
144
-2147483647
568 1 16 135 0 1 0 -1 -1 163278 43 -1879048147 -1879048145 -1879048143 -1879048141 -1342177227 -1879048135 -1879048133 -1879048131 -1879048129 -1879048127 -1879048125 -1879048123 -1879048121 -1879048119 -1879048117 -1879048115 -1879048113 -1879048111 -1879048109 -1879048107 -1879048105 -1879048103 -1879048101 -1879048099 -1879048097 -1879048095 -1342177181 -1879048089 -1879048087 -1879048085 -1879048083 -1879048081 -1879048079 -1879048077 -1879048075 -1879048073 -1879048071 -1879048069 -1879048067 -1879048065 -1879048063 -1879048061 -1879048059 6 5 20 10 32 5 39 4 45 5 2 14 66 2 70 3 74 4 80 5 94 3 99 7 107 1 110 5 117 7 131 3 139 5 146 7 155 2 162 3 172 8 182 5 189 152 388 47 482 171 683 30 743 104 891 63 2 126 1112 32 1175 174 1429 124 1636 166 1843 41 1926 179 2159 54 2267 219 2597 111 2819 222 3114 73 3260 219 3628 149 3926 545 4569 98 4765 160138 
0
0
0
0
2
_PICKEDSURF27
1
0
0
1
FINAL_PART-1
0
0
1
S2
14
-2147483647
48 1 16 5 0 1 0 -1 -1 6595 1 -1879048189 89363 6595 
_PICKEDSURF28
1
0
0
1
FINAL_PART-1
0
0
1
S2
14
-2147483647
48 1 16 5 0 1 0 -1 -1 6502 1 -1879048189 121966 6502 
