Analysis initiated from SIMULIA established products
Abaqus JOB Job-2
Abaqus 2025
Abaqus License Manager checked out the following licenses:
Abaqus/Standard checked out 5 tokens from Flexnet server hlrslic1.hlrs.de.
<303 out of 400 licenses remain available>.
Begin Analysis Input File Processor
2/24/2026 1:04:49 PM
Run pre.exe
2/24/2026 1:05:02 PM
End Analysis Input File Processor
Begin Abaqus/Standard Analysis
2/24/2026 1:05:02 PM
Run standard.exe
2/24/2026 1:31:56 PM
Abaqus Error: Abaqus/Standard Analysis exited with an error - Please see the 
message file for possible error messages if the file exists.
Begin SIM Wrap-up
2/24/2026 1:31:58 PM
Run SMASimUtility.exe
2/24/2026 1:31:58 PM
End SIM Wrap-up
Abaqus/Analysis exited with errors
