Analysis initiated from SIMULIA established products
Abaqus JOB Job-6
Abaqus 2025
Abaqus License Manager checked out the following licenses:
Abaqus/Standard checked out 5 tokens from Flexnet server hlrslic1.hlrs.de.
<312 out of 400 licenses remain available>.
Begin Analysis Input File Processor
2/25/2026 12:04:25 PM
Run pre.exe
2/25/2026 12:04:35 PM
End Analysis Input File Processor
Begin Abaqus/Standard Analysis
2/25/2026 12:04:35 PM
Run standard.exe
2/25/2026 1:08:11 PM
End Abaqus/Standard Analysis
Begin SIM Wrap-up
2/25/2026 1:08:12 PM
Run SMASimUtility.exe
2/25/2026 1:08:12 PM
End SIM Wrap-up
Abaqus JOB Job-6 COMPLETED
