Analysis initiated from SIMULIA established products
Abaqus JOB Job-2
Abaqus 2025
Abaqus License Manager checked out the following licenses:
Abaqus/Standard checked out 9 tokens from Flexnet server hlrslic1.hlrs.de.
<268 out of 400 licenses remain available>.
Begin Analysis Input File Processor
2/24/2026 5:35:42 PM
Run pre.exe
2/24/2026 5:35:50 PM
End Analysis Input File Processor
Begin Abaqus/Standard Analysis
2/24/2026 5:35:50 PM
Run standard.exe
2/24/2026 5:50:42 PM
End Abaqus/Standard Analysis
Begin SIM Wrap-up
2/24/2026 5:50:43 PM
Run SMASimUtility.exe
2/24/2026 5:50:43 PM
End SIM Wrap-up
Abaqus JOB Job-2 COMPLETED
