Analysis initiated from SIMULIA established products
Abaqus JOB Job-1
Abaqus 2025
Abaqus License Manager checked out the following licenses:
Abaqus/Standard checked out 9 tokens from Flexnet server hlrslic1.hlrs.de.
<251 out of 400 licenses remain available>.
Begin Analysis Input File Processor
2/24/2026 5:36:32 PM
Run pre.exe
2/24/2026 5:36:42 PM
End Analysis Input File Processor
Begin Abaqus/Standard Analysis
2/24/2026 5:36:42 PM
Run standard.exe
2/24/2026 5:47:49 PM
End Abaqus/Standard Analysis
Begin SIM Wrap-up
2/24/2026 5:47:50 PM
Run SMASimUtility.exe
2/24/2026 5:47:50 PM
End SIM Wrap-up
Abaqus JOB Job-1 COMPLETED
