Analysis initiated from SIMULIA established products
Abaqus JOB Job-7
Abaqus 2025
Abaqus License Manager checked out the following licenses:
Abaqus/Standard checked out 13 tokens from Flexnet server hlrslic1.hlrs.de.
<282 out of 400 licenses remain available>.
Begin Analysis Input File Processor
2/25/2026 1:23:12 PM
Run pre.exe
2/25/2026 1:23:20 PM
End Analysis Input File Processor
Begin Abaqus/Standard Analysis
2/25/2026 1:23:20 PM
Run standard.exe
2/25/2026 3:46:23 PM
End Abaqus/Standard Analysis
Begin SIM Wrap-up
2/25/2026 3:46:25 PM
Run SMASimUtility.exe
2/25/2026 3:46:25 PM
End SIM Wrap-up
Abaqus JOB Job-7 COMPLETED
