Analysis initiated from SIMULIA established products
Abaqus JOB Dynamics_Job-1
Abaqus 2025
Abaqus License Manager checked out the following licenses:
Abaqus/Standard checked out 5 tokens from Flexnet server hlrslic1.hlrs.de.
<291 out of 400 licenses remain available>.
Begin Analysis Input File Processor
2/10/2026 3:47:31 PM
Run pre.exe
2/10/2026 3:47:39 PM
End Analysis Input File Processor
Begin Abaqus/Standard Analysis
2/10/2026 3:47:39 PM
Run standard.exe
2/10/2026 3:49:09 PM
End Abaqus/Standard Analysis
Begin SIM Wrap-up
2/10/2026 3:49:10 PM
Run SMASimUtility.exe
2/10/2026 3:49:10 PM
End SIM Wrap-up
Abaqus JOB Dynamics_Job-1 COMPLETED
