Analysis initiated from SIMULIA established products
Abaqus JOB Job-2
Abaqus 2025
Abaqus License Manager checked out the following licenses:
Abaqus/Standard checked out 5 tokens from Flexnet server hlrslic1.hlrs.de.
<292 out of 400 licenses remain available>.
Begin Analysis Input File Processor
2/10/2026 12:58:00 PM
Run pre.exe
2/10/2026 12:58:08 PM
End Analysis Input File Processor
Begin Abaqus/Standard Datacheck
Begin Abaqus/Standard Analysis
2/10/2026 12:58:08 PM
Run standard.exe
2/10/2026 12:58:17 PM
End Abaqus/Standard Analysis
Begin SIM Wrap-up
2/10/2026 12:58:18 PM
Run SMASimUtility.exe
2/10/2026 12:58:18 PM
End SIM Wrap-up
Abaqus JOB Job-2 COMPLETED
