1
0
1
ASSEMBLY
1
SPIRAL-1
SPIRAL
1
SPIRAL-1
14
-2147483646
0
48 1 16 5 0 1 0 -1 -1 30258 1 -1879048189 1 30258 
14
48 1 16 5 0 1 0 -1 -1 30258 1 -1879048189 1 30258 
0
1
SPIRAL-1
14
-2147483646
0
48 1 16 5 0 1 0 -1 -1 20093 1 -1879048189 1 20093 
14
48 1 16 5 0 1 0 -1 -1 20093 1 -1879048189 1 20093 
0
2
_PICKEDSET18
0
2
0
1
SPIRAL-1
153
10604 10605 10606 10607 10622 10626 10627 10629 10630 10631 10632 10634 10636 10649 10650 10656 10659 10660 10661 10663 10693 10694 10697 10698 10721 10794 10800 11020 11027 11080 11082 11088 11089 11090 11092 11093 11094 11167 11172 11173 11174 11175 11178 11179 11180 11182 11185 11186 11194 11195 12040 12190 12191 12192 12193 12208 12212 12213 12215 12216 12217 12218 12220 12222 12235 12236 12242 12245 12246 12247 12249 12279 12280 12283 12284 12307 12380 12386 12606 12613 12666 12668 12674 12675 12676 12678 12679 12680 12753 12758 12759 12760 12761 12764 12765 12766 12768 12771 12772 12780 12781 13626 13776 13777 13778 13779 13794 13798 13799 13801 13802 13803 13804 13806 13808 13821 13822 13828 13831 13832 13833 13835 13865 13866 13869 13870 13893 13966 13972 14192 14199 14252 14254 14260 14261 14262 14264 14265 14266 14339 14344 14345 14346 14347 14350 14351 14352 14354 14357 14358 14366 14367 15212 
0
_PICKEDSET39
0
2
0
1
SPIRAL-1
14
-2147483647
48 1 16 5 0 1 0 -1 -1 1579 1 -1879048189 8876 1579 
0
1
SPIRAL-1
3
A-TAPE-SET
0
1
27
-2147483647
100 1 16 18 0 1 0 -1 -1 348 4 -1879048186 -1342177272 -1342177268 -1879048176 1 328 5460 4 2 38 5546 4 2 62 5688 4 
0
0
B-TAPE-SET
0
1
41
-2147483647
156 1 16 32 0 1 0 -1 -1 476 10 -1879048180 -1879048178 -1879048176 -1879048174 -1879048172 -1879048170 -1879048168 -1879048166 -1879048164 -1879048162 329 34 1044 44 2549 58 4614 76 5434 26 5464 34 5502 44 5550 58 5612 76 5692 26 
0
0
PLYWOOD-SET
0
1
26
-2147483647
96 1 16 17 0 1 0 -1 -1 19269 5 -1879048185 -1879048183 -1879048181 -1879048179 -1879048177 363 681 1088 1461 2607 2007 4690 744 5718 14376 
0
0
0
2
_PICKEDSET18
0
2
0
1
SPIRAL-1
208
44 45 255 265 266 3363 3364 3365 3366 3367 3368 3369 3370 3371 3372 3373 3374 3375 3376 3377 3378 3379 3380 3381 3382 3383 3384 3385 3386 3387 3388 3389 3390 3391 3392 3393 3394 3395 3396 3397 3398 3399 3400 3401 3402 3403 3404 3405 3406 3407 3408 3409 3410 3411 3633 3634 3635 3636 3637 3638 3639 3640 3641 3642 3643 3644 3645 3646 3647 3648 3649 3650 3651 3652 3653 3654 3655 3656 3657 3658 3659 3660 3661 3662 3663 3664 3665 3666 3667 3668 3669 3670 3671 3672 3673 3674 3675 3676 3677 3678 3679 3680 3681 3682 3683 3684 3685 3686 14051 14052 14053 14054 14055 14056 14057 14058 14059 14060 14061 14062 14063 14064 14065 14066 14067 14068 14069 14070 14071 14072 14073 14074 14075 14076 14077 14078 14079 14080 14081 14082 14083 14084 14085 14086 14087 14088 14089 14090 14091 14092 14093 14094 14095 14096 14097 14098 14099 14100 14101 14102 14103 14104 14105 14106 14107 14108 14109 14110 14111 14112 14113 14114 14115 14116 14117 14118 14119 14120 14121 14122 14123 14124 14125 14126 14127 14128 14129 14130 14131 14132 14133 14134 14135 14136 14137 14138 14139 14140 14141 14142 14143 14144 14145 14146 14147 14148 14149 14150 
0
_PICKEDSET39
0
2
0
1
SPIRAL-1
39
-2147483647
148 1 16 30 0 1 0 -1 -1 1713 8 -1879048182 -1879048180 -1879048178 -1342177264 -1879048172 -1342177258 -1879048166 -1879048164 246 9 3054 49 3105 50 3157 36 2 38 3233 19 3254 25 2 27 3308 19 10955 1445 
0
1
SPIRAL-1
3
A-TAPE-SET
0
1
44
-2147483647
168 1 16 35 0 1 0 -1 -1 1050 9 -1879048181 -1342177267 -1879048175 -1342177261 -1879048169 -1610612711 -1610612708 -1879048161 -1879048159 1 52 79 2 3 25 171 2 176 3 5 13 334 654 2434 2 62 2578 2 110 2834 1 4775 316 
0
0
B-TAPE-SET
0
1
113
-2147483647
444 1 16 104 0 1 0 -1 -1 1488 8 -1073741814 -268435436 -1073741788 -1073741778 -1073741750 -268435378 -1073741736 -1073741731 1 256 -1 1073555145 822067228 7405440 1074422271 -1073873728 -16779265 65503 961 192 2 320 -134217728 -1 16777215 0 67108800 1073741312 -1 -1 7 0 -2048 127 1601 256 -128 536870911 0 0 -524288 8388607 -262144 8388607 2049 832 -33554432 -1 -1 1 -3670272 1 0 0 134152192 0 -1048576 0 -4 2147483647 -1 -1 -131073 -1 -1 2147483647 -1 -1 -1 -1 -131073 2147483647 5089 64 -4 1 5601 96 2 1088 -134217728 -1 15 -131072 -1 255 8193 96 -1024 -1 524287 8801 288 -1073741824 -1 -1 -1 -1 -1 -1 -1 1048575 
0
0
PLYWOOD-SET
0
1
151
-2147483647
596 1 16 142 0 1 0 -1 -1 29412 43 -1879048147 -1879048145 -1879048143 -1879048141 -1879048139 -1879048137 -1342177223 -1879048131 -1342177217 -1879048125 -1342177211 -1879048119 -1610612661 -1879048114 -1879048112 -1610612654 -1879048107 -1879048105 -1610612647 -1879048100 -1879048098 -1610612640 -1879048093 -1879048091 -1610612633 -1879048086 -1879048084 -1879048082 -1879048080 -1879048078 -1879048076 -1879048074 -1879048072 -1879048070 -1879048068 -1879048066 -1879048064 -1879048062 -1879048060 -1879048058 -1879048056 -1879048054 -1879048052 1 40 42 8 53 1 55 2 58 3 62 17 82 2 2 3 88 16 107 2 2 3 113 16 132 2 2 3 138 33 179 2 2 183 3 187 2 192 2 2 196 3 200 2 205 2 2 209 3 213 2 218 2 2 222 3 226 2 231 2 2 235 3 239 175 418 108 530 144 678 60 742 44 789 196 988 1446 2435 61 2497 81 2579 109 2689 145 2835 1940 5122 506 5669 1037 6761 1442 8276 555 9077 21182 
0
0
0
0
0
