Analysis initiated from SIMULIA established products
Abaqus JOB statics_displacement_Job-5
Abaqus 2025
Abaqus License Manager checked out the following licenses:
Abaqus/Standard checked out 5 tokens from Flexnet server hlrslic1.hlrs.de.
<317 out of 400 licenses remain available>.
Begin Analysis Input File Processor
2/21/2026 11:09:01 PM
Run pre.exe
2/21/2026 11:09:08 PM
End Analysis Input File Processor
Begin Abaqus/Standard Analysis
2/21/2026 11:09:08 PM
Run standard.exe
2/21/2026 11:13:19 PM
End Abaqus/Standard Analysis
Begin SIM Wrap-up
2/21/2026 11:13:21 PM
Run SMASimUtility.exe
2/21/2026 11:13:21 PM
End SIM Wrap-up
Abaqus JOB statics_displacement_Job-5 COMPLETED
