1
0
1
ASSEMBLY
1
SPIRAL-1
SPIRAL
1
SPIRAL-1
14
-2147483646
0
48 1 16 5 0 1 0 -1 -1 30258 1 -1879048189 1 30258 
14
48 1 16 5 0 1 0 -1 -1 30258 1 -1879048189 1 30258 
0
1
SPIRAL-1
14
-2147483646
0
48 1 16 5 0 1 0 -1 -1 20093 1 -1879048189 1 20093 
14
48 1 16 5 0 1 0 -1 -1 20093 1 -1879048189 1 20093 
0
2
_PICKEDSET15
0
2
0
1
SPIRAL-1
14
-2147483647
48 1 16 5 0 1 0 -1 -1 4737 1 -1879048189 5718 4737 
0
_PICKEDSET16
0
2
0
1
SPIRAL-1
14
-2147483647
48 1 16 5 0 1 0 -1 -1 1586 1 -1879048189 13627 1586 
0
1
SPIRAL-1
3
A-TAPE-SET
0
1
27
-2147483647
100 1 16 18 0 1 0 -1 -1 348 4 -1879048186 -1342177272 -1342177268 -1879048176 1 328 5460 4 2 38 5546 4 2 62 5688 4 
0
0
B-TAPE-SET
0
1
41
-2147483647
156 1 16 32 0 1 0 -1 -1 476 10 -1879048180 -1879048178 -1879048176 -1879048174 -1879048172 -1879048170 -1879048168 -1879048166 -1879048164 -1879048162 329 34 1044 44 2549 58 4614 76 5434 26 5464 34 5502 44 5550 58 5612 76 5692 26 
0
0
PLYWOOD-SET
0
1
26
-2147483647
96 1 16 17 0 1 0 -1 -1 19269 5 -1879048185 -1879048183 -1879048181 -1879048179 -1879048177 363 681 1088 1461 2607 2007 4690 744 5718 14376 
0
0
0
2
_PICKEDSET15
0
2
0
1
SPIRAL-1
37
-2147483647
140 1 16 28 0 1 0 -1 -1 6852 8 -1879048182 -1342177268 -1879048176 -1879048174 -1879048172 -1879048170 -1879048168 -1879048166 46 4 132 2 2 3 241 14 887 98 2074 72 2880 447 9077 3323 21873 2890 
0
_PICKEDSET16
0
2
0
1
SPIRAL-1
40
-2147483647
152 1 16 31 0 1 0 -1 -1 1720 9 -1879048181 -1879048179 -1342177265 -1879048173 -1879048171 -1879048169 -1879048167 -1879048165 -1879048163 260 9 3502 25 3529 19 2 21 3571 25 3597 36 3635 50 3687 49 3737 36 14286 1452 
0
1
SPIRAL-1
3
A-TAPE-SET
0
1
44
-2147483647
168 1 16 35 0 1 0 -1 -1 1050 9 -1879048181 -1342177267 -1879048175 -1342177261 -1879048169 -1610612711 -1610612708 -1879048161 -1879048159 1 52 79 2 3 25 171 2 176 3 5 13 334 654 2434 2 62 2578 2 110 2834 1 4775 316 
0
0
B-TAPE-SET
0
1
113
-2147483647
444 1 16 104 0 1 0 -1 -1 1488 8 -1073741814 -268435436 -1073741788 -1073741778 -1073741750 -268435378 -1073741736 -1073741731 1 256 -1 1073555145 822067228 7405440 1074422271 -1073873728 -16779265 65503 961 192 2 320 -134217728 -1 16777215 0 67108800 1073741312 -1 -1 7 0 -2048 127 1601 256 -128 536870911 0 0 -524288 8388607 -262144 8388607 2049 832 -33554432 -1 -1 1 -3670272 1 0 0 134152192 0 -1048576 0 -4 2147483647 -1 -1 -131073 -1 -1 2147483647 -1 -1 -1 -1 -131073 2147483647 5089 64 -4 1 5601 96 2 1088 -134217728 -1 15 -131072 -1 255 8193 96 -1024 -1 524287 8801 288 -1073741824 -1 -1 -1 -1 -1 -1 -1 1048575 
0
0
PLYWOOD-SET
0
1
151
-2147483647
596 1 16 142 0 1 0 -1 -1 29412 43 -1879048147 -1879048145 -1879048143 -1879048141 -1879048139 -1879048137 -1342177223 -1879048131 -1342177217 -1879048125 -1342177211 -1879048119 -1610612661 -1879048114 -1879048112 -1610612654 -1879048107 -1879048105 -1610612647 -1879048100 -1879048098 -1610612640 -1879048093 -1879048091 -1610612633 -1879048086 -1879048084 -1879048082 -1879048080 -1879048078 -1879048076 -1879048074 -1879048072 -1879048070 -1879048068 -1879048066 -1879048064 -1879048062 -1879048060 -1879048058 -1879048056 -1879048054 -1879048052 1 40 42 8 53 1 55 2 58 3 62 17 82 2 2 3 88 16 107 2 2 3 113 16 132 2 2 3 138 33 179 2 2 183 3 187 2 192 2 2 196 3 200 2 205 2 2 209 3 213 2 218 2 2 222 3 226 2 231 2 2 235 3 239 175 418 108 530 144 678 60 742 44 789 196 988 1446 2435 61 2497 81 2579 109 2689 145 2835 1940 5122 506 5669 1037 6761 1442 8276 555 9077 21182 
0
0
0
0
0
