Analysis initiated from SIMULIA established products
Abaqus JOB statics_displacement_Job-522
Abaqus 2025
Abaqus License Manager checked out the following licenses:
Abaqus/Standard checked out 5 tokens from Flexnet server hlrslic1.hlrs.de.
<317 out of 400 licenses remain available>.
Begin Analysis Input File Processor
2/22/2026 1:36:05 AM
Run pre.exe
2/22/2026 1:36:12 AM
End Analysis Input File Processor
Begin Abaqus/Standard Analysis
2/22/2026 1:36:12 AM
Run standard.exe
2/22/2026 1:38:20 AM
End Abaqus/Standard Analysis
Begin SIM Wrap-up
2/22/2026 1:38:22 AM
Run SMASimUtility.exe
2/22/2026 1:38:22 AM
End SIM Wrap-up
Abaqus JOB statics_displacement_Job-522 COMPLETED
