Analysis initiated from SIMULIA established products
Abaqus JOB statics_displacement_Job-54
Abaqus 2025
Abaqus License Manager checked out the following licenses:
Abaqus/Standard checked out 5 tokens from Flexnet server hlrslic1.hlrs.de.
<312 out of 400 licenses remain available>.
Begin Analysis Input File Processor
2/22/2026 12:50:36 AM
Run pre.exe
2/22/2026 12:50:42 AM
End Analysis Input File Processor
Begin Abaqus/Standard Analysis
2/22/2026 12:50:42 AM
Run standard.exe
2/22/2026 12:55:32 AM
End Abaqus/Standard Analysis
Begin SIM Wrap-up
2/22/2026 12:55:33 AM
Run SMASimUtility.exe
2/22/2026 12:55:33 AM
End SIM Wrap-up
Abaqus JOB statics_displacement_Job-54 COMPLETED
