Analysis initiated from SIMULIA established products
Abaqus JOB static_traction-success-62
Abaqus 2025
Abaqus License Manager checked out the following licenses:
Abaqus/Standard checked out 5 tokens from Flexnet server hlrslic1.hlrs.de.
<320 out of 400 licenses remain available>.
Begin Analysis Input File Processor
2/22/2026 2:53:51 AM
Run pre.exe
2/22/2026 2:53:57 AM
End Analysis Input File Processor
Begin Abaqus/Standard Analysis
2/22/2026 2:53:57 AM
Run standard.exe
2/22/2026 2:58:54 AM
End Abaqus/Standard Analysis
Begin SIM Wrap-up
2/22/2026 2:58:56 AM
Run SMASimUtility.exe
2/22/2026 2:58:56 AM
End SIM Wrap-up
Abaqus JOB static_traction-success-62 COMPLETED
