Analysis initiated from SIMULIA established products
Abaqus JOB static_traction_Job-4
Abaqus 2025
Abaqus License Manager checked out the following licenses:
Abaqus/Standard checked out 5 tokens from Flexnet server hlrslic1.hlrs.de.
<305 out of 400 licenses remain available>.
Begin Analysis Input File Processor
2/20/2026 9:44:31 PM
Run pre.exe
2/20/2026 9:44:38 PM
End Analysis Input File Processor
Begin Abaqus/Standard Analysis
2/20/2026 9:44:38 PM
Run standard.exe
2/20/2026 9:53:07 PM
End Abaqus/Standard Analysis
Begin SIM Wrap-up
2/20/2026 9:53:08 PM
Run SMASimUtility.exe
2/20/2026 9:53:08 PM
End SIM Wrap-up
Abaqus JOB static_traction_Job-4 COMPLETED
