1
0
1
ASSEMBLY
1
SPIRAL-1
SPIRAL
1
SPIRAL-1
14
-2147483646
0
48 1 16 5 0 1 0 -1 -1 30258 1 -1879048189 1 30258 
14
48 1 16 5 0 1 0 -1 -1 30258 1 -1879048189 1 30258 
0
1
SPIRAL-1
14
-2147483646
0
48 1 16 5 0 1 0 -1 -1 20093 1 -1879048189 1 20093 
14
48 1 16 5 0 1 0 -1 -1 20093 1 -1879048189 1 20093 
0
3
_PICKEDSET53
0
2
0
1
SPIRAL-1
100
229 230 231 232 233 234 235 236 237 238 239 240 241 242 243 244 245 246 247 248 249 250 251 252 253 254 255 256 257 258 259 260 261 262 263 264 265 266 267 268 269 270 271 272 273 274 275 276 277 278 279 280 281 282 283 284 285 286 287 288 289 290 291 292 293 294 295 296 297 298 299 300 301 302 303 304 305 306 307 308 309 310 311 312 313 314 315 316 317 318 319 320 321 322 323 324 325 326 327 328 
0
_PICKEDSET57
0
2
0
1
SPIRAL-1
30
17363 17364 17365 17366 17368 17369 17370 17371 17377 17406 17445 17446 17447 17448 17450 17451 17452 17453 17459 17488 17527 17528 17529 17530 17532 17533 17534 17535 17541 17570 
0
_PICKEDSET58
0
2
0
1
SPIRAL-1
30
5211 5218 5219 5220 5221 5223 5233 5234 5235 5263 5296 5303 5304 5305 5306 5308 5318 5319 5320 5348 5381 5388 5389 5390 5391 5393 5403 5404 5405 5433 
0
1
SPIRAL-1
3
A-TAPE-SET
0
1
27
-2147483647
100 1 16 18 0 1 0 -1 -1 348 4 -1879048186 -1342177272 -1342177268 -1879048176 1 328 5460 4 2 38 5546 4 2 62 5688 4 
0
0
B-TAPE-SET
0
1
41
-2147483647
156 1 16 32 0 1 0 -1 -1 476 10 -1879048180 -1879048178 -1879048176 -1879048174 -1879048172 -1879048170 -1879048168 -1879048166 -1879048164 -1879048162 329 34 1044 44 2549 58 4614 76 5434 26 5464 34 5502 44 5550 58 5612 76 5692 26 
0
0
PLYWOOD-SET
0
1
26
-2147483647
96 1 16 17 0 1 0 -1 -1 19269 5 -1879048185 -1879048183 -1879048181 -1879048179 -1879048177 363 681 1088 1461 2607 2007 4690 744 5718 14376 
0
0
0
3
_PICKEDSET53
0
2
0
1
SPIRAL-1
153
42 45 48 49 838 839 840 841 842 843 844 845 846 847 848 849 850 851 852 853 854 855 856 857 858 859 860 861 862 863 864 865 866 867 868 869 870 871 872 873 874 875 876 877 878 879 880 881 882 883 884 885 886 936 937 938 939 940 941 942 943 944 945 946 947 948 949 950 951 952 953 954 955 956 957 958 959 960 961 962 963 964 965 966 967 968 969 970 971 972 973 974 975 976 977 978 979 980 981 982 983 984 985 986 4993 4994 4995 4996 4997 4998 4999 5000 5001 5002 5003 5004 5005 5006 5007 5008 5009 5010 5011 5012 5013 5014 5015 5016 5017 5018 5019 5020 5021 5022 5023 5024 5025 5026 5027 5028 5029 5030 5031 5032 5033 5034 5035 5036 5037 5038 5039 5040 5041 
0
_PICKEDSET57
0
2
0
1
SPIRAL-1
44
37 38 299 301 303 4214 4215 4216 4217 4218 4219 4220 4221 4242 4243 4257 4258 4267 4268 4269 4270 4271 4272 4273 4274 4275 17350 17351 17352 17353 17354 17355 17356 17357 17358 17359 17360 17361 17362 17363 17364 17365 17366 17367 
0
_PICKEDSET58
0
2
0
1
SPIRAL-1
44
34 35 160 165 166 2340 2341 2342 2343 2344 2345 2346 2347 2376 2377 2378 2379 2380 2381 2382 2383 2384 2385 2386 2387 2388 8712 8713 8714 8715 8716 8717 8718 8719 8720 8721 8722 8723 8724 8725 8726 8727 8728 8729 
0
1
SPIRAL-1
3
A-TAPE-SET
0
1
44
-2147483647
168 1 16 35 0 1 0 -1 -1 1050 9 -1879048181 -1342177267 -1879048175 -1342177261 -1879048169 -1610612711 -1610612708 -1879048161 -1879048159 1 52 79 2 3 25 171 2 176 3 5 13 334 654 2434 2 62 2578 2 110 2834 1 4775 316 
0
0
B-TAPE-SET
0
1
113
-2147483647
444 1 16 104 0 1 0 -1 -1 1488 8 -1073741814 -268435436 -1073741788 -1073741778 -1073741750 -268435378 -1073741736 -1073741731 1 256 -1 1073555145 822067228 7405440 1074422271 -1073873728 -16779265 65503 961 192 2 320 -134217728 -1 16777215 0 67108800 1073741312 -1 -1 7 0 -2048 127 1601 256 -128 536870911 0 0 -524288 8388607 -262144 8388607 2049 832 -33554432 -1 -1 1 -3670272 1 0 0 134152192 0 -1048576 0 -4 2147483647 -1 -1 -131073 -1 -1 2147483647 -1 -1 -1 -1 -131073 2147483647 5089 64 -4 1 5601 96 2 1088 -134217728 -1 15 -131072 -1 255 8193 96 -1024 -1 524287 8801 288 -1073741824 -1 -1 -1 -1 -1 -1 -1 1048575 
0
0
PLYWOOD-SET
0
1
151
-2147483647
596 1 16 142 0 1 0 -1 -1 29412 43 -1879048147 -1879048145 -1879048143 -1879048141 -1879048139 -1879048137 -1342177223 -1879048131 -1342177217 -1879048125 -1342177211 -1879048119 -1610612661 -1879048114 -1879048112 -1610612654 -1879048107 -1879048105 -1610612647 -1879048100 -1879048098 -1610612640 -1879048093 -1879048091 -1610612633 -1879048086 -1879048084 -1879048082 -1879048080 -1879048078 -1879048076 -1879048074 -1879048072 -1879048070 -1879048068 -1879048066 -1879048064 -1879048062 -1879048060 -1879048058 -1879048056 -1879048054 -1879048052 1 40 42 8 53 1 55 2 58 3 62 17 82 2 2 3 88 16 107 2 2 3 113 16 132 2 2 3 138 33 179 2 2 183 3 187 2 192 2 2 196 3 200 2 205 2 2 209 3 213 2 218 2 2 222 3 226 2 231 2 2 235 3 239 175 418 108 530 144 678 60 742 44 789 196 988 1446 2435 61 2497 81 2579 109 2689 145 2835 1940 5122 506 5669 1037 6761 1442 8276 555 9077 21182 
0
0
0
0
0
