Analysis initiated from SIMULIA established products
Abaqus JOB statics_displacement_Job-51
Abaqus 2025
Abaqus License Manager checked out the following licenses:
Abaqus/Standard checked out 5 tokens from Flexnet server hlrslic1.hlrs.de.
<317 out of 400 licenses remain available>.
Begin Analysis Input File Processor
2/21/2026 11:57:24 PM
Run pre.exe
2/21/2026 11:57:31 PM
End Analysis Input File Processor
Begin Abaqus/Standard Analysis
2/21/2026 11:57:31 PM
Run standard.exe
2/22/2026 12:00:10 AM
End Abaqus/Standard Analysis
Begin SIM Wrap-up
2/22/2026 12:00:11 AM
Run SMASimUtility.exe
2/22/2026 12:00:11 AM
End SIM Wrap-up
Abaqus JOB statics_displacement_Job-51 COMPLETED
