Analysis initiated from SIMULIA established products
Abaqus JOB statics_displacement_Job-52
Abaqus 2025
Abaqus License Manager checked out the following licenses:
Abaqus/Standard checked out 5 tokens from Flexnet server hlrslic1.hlrs.de.
<307 out of 400 licenses remain available>.
Begin Analysis Input File Processor
2/22/2026 12:14:04 AM
Run pre.exe
2/22/2026 12:14:10 AM
End Analysis Input File Processor
Begin Abaqus/Standard Analysis
2/22/2026 12:14:10 AM
Run standard.exe
2/22/2026 12:16:18 AM
End Abaqus/Standard Analysis
Begin SIM Wrap-up
2/22/2026 12:16:21 AM
Run SMASimUtility.exe
2/22/2026 12:16:21 AM
End SIM Wrap-up
Abaqus JOB statics_displacement_Job-52 COMPLETED
