Analysis initiated from SIMULIA established products
Abaqus JOB statics_traction_Job
Abaqus 2025
Abaqus License Manager checked out the following licenses:
Abaqus/Standard checked out 5 tokens from Flexnet server hlrslic1.hlrs.de.
<279 out of 400 licenses remain available>.
Begin Analysis Input File Processor
2/10/2026 2:45:50 PM
Run pre.exe
2/10/2026 2:45:58 PM
End Analysis Input File Processor
Begin Abaqus/Standard Analysis
2/10/2026 2:45:58 PM
Run standard.exe
2/10/2026 2:49:47 PM
End Abaqus/Standard Analysis
Begin SIM Wrap-up
2/10/2026 2:49:48 PM
Run SMASimUtility.exe
2/10/2026 2:49:48 PM
End SIM Wrap-up
Abaqus JOB statics_traction_Job COMPLETED
