1
0
1
ASSEMBLY
1
SPIRAL-1
SPIRAL
1
SPIRAL-1
14
-2147483646
0
48 1 16 5 0 1 0 -1 -1 30258 1 -1879048189 1 30258 
14
48 1 16 5 0 1 0 -1 -1 30258 1 -1879048189 1 30258 
0
1
SPIRAL-1
14
-2147483646
0
48 1 16 5 0 1 0 -1 -1 20093 1 -1879048189 1 20093 
14
48 1 16 5 0 1 0 -1 -1 20093 1 -1879048189 1 20093 
0
3
_PICKEDSET43
0
2
0
1
SPIRAL-1
111
5723 5724 5725 5726 5727 5742 5743 5925 6057 6059 6060 6076 6077 6078 6079 6081 6091 6096 6313 6316 6357 6374 6375 6376 6377 6378 6379 6380 6381 6382 6383 6488 6490 6492 6494 6498 6503 7302 7303 7304 7305 7306 7321 7322 7504 7636 7638 7639 7655 7656 7657 7658 7660 7670 7675 7892 7895 7936 7953 7954 7955 7956 7957 7958 7959 7960 7961 7962 8067 8069 8071 8073 8077 8082 8881 8882 8883 8884 8885 8900 8901 9083 9215 9217 9218 9234 9235 9236 9237 9239 9249 9254 9471 9474 9515 9532 9533 9534 9535 9536 9537 9538 9539 9540 9541 9646 9648 9650 9652 9656 9661 
0
_PICKEDSET46
0
2
0
1
SPIRAL-1
100
229 230 231 232 233 234 235 236 237 238 239 240 241 242 243 244 245 246 247 248 249 250 251 252 253 254 255 256 257 258 259 260 261 262 263 264 265 266 267 268 269 270 271 272 273 274 275 276 277 278 279 280 281 282 283 284 285 286 287 288 289 290 291 292 293 294 295 296 297 298 299 300 301 302 303 304 305 306 307 308 309 310 311 312 313 314 315 316 317 318 319 320 321 322 323 324 325 326 327 328 
0
_PICKEDSET47
0
2
0
1
SPIRAL-1
111
10497 10498 10507 10553 10556 10566 10572 10578 10584 10589 10598 10599 10600 10601 10619 10623 10627 10915 11057 11067 11068 11069 11070 11071 11072 11073 11074 11075 11076 11077 11078 11244 11250 11251 11255 11258 11364 12083 12084 12093 12139 12142 12152 12158 12164 12170 12175 12184 12185 12186 12187 12205 12209 12213 12501 12643 12653 12654 12655 12656 12657 12658 12659 12660 12661 12662 12663 12664 12830 12836 12837 12841 12844 12950 13669 13670 13679 13725 13728 13738 13744 13750 13756 13761 13770 13771 13772 13773 13791 13795 13799 14087 14229 14239 14240 14241 14242 14243 14244 14245 14246 14247 14248 14249 14250 14416 14422 14423 14427 14430 14536 
0
1
SPIRAL-1
3
A-TAPE-SET
0
1
27
-2147483647
100 1 16 18 0 1 0 -1 -1 348 4 -1879048186 -1342177272 -1342177268 -1879048176 1 328 5460 4 2 38 5546 4 2 62 5688 4 
0
0
B-TAPE-SET
0
1
41
-2147483647
156 1 16 32 0 1 0 -1 -1 476 10 -1879048180 -1879048178 -1879048176 -1879048174 -1879048172 -1879048170 -1879048168 -1879048166 -1879048164 -1879048162 329 34 1044 44 2549 58 4614 76 5434 26 5464 34 5502 44 5550 58 5612 76 5692 26 
0
0
PLYWOOD-SET
0
1
26
-2147483647
96 1 16 17 0 1 0 -1 -1 19269 5 -1879048185 -1879048183 -1879048181 -1879048179 -1879048177 363 681 1088 1461 2607 2007 4690 744 5718 14376 
0
0
0
3
_PICKEDSET43
0
2
0
1
SPIRAL-1
152
132 136 245 248 249 3017 3018 3019 3020 3021 3022 3023 3024 3025 3026 3027 3028 3029 3030 3031 3032 3033 3034 3035 3036 3037 3038 3039 3040 3041 3042 3043 3044 3045 3046 3047 3048 3049 3050 3051 3052 3155 3156 3157 3158 3159 3160 3161 3162 3163 3164 3165 3166 3167 3168 3169 3170 3171 3172 3173 3174 3175 3176 3177 3178 3179 3180 3181 3182 3183 3184 3185 3186 3187 3188 3189 3190 3191 3192 3193 10671 10672 10673 10674 10675 10676 10677 10678 10679 10680 10681 10682 10683 10684 10685 10686 10687 10688 10689 10690 10691 10692 10693 10694 10695 10696 10697 10698 10699 10700 10701 10702 10703 10704 10705 10706 10707 10708 10709 10710 10711 10712 10713 10714 10715 10716 10717 10718 10719 10720 10721 10722 10723 10724 10725 10726 10727 10728 10729 10730 10731 10732 10733 10734 10735 10736 10737 10738 10739 10740 10741 10742 
0
_PICKEDSET46
0
2
0
1
SPIRAL-1
153
42 45 48 49 838 839 840 841 842 843 844 845 846 847 848 849 850 851 852 853 854 855 856 857 858 859 860 861 862 863 864 865 866 867 868 869 870 871 872 873 874 875 876 877 878 879 880 881 882 883 884 885 886 936 937 938 939 940 941 942 943 944 945 946 947 948 949 950 951 952 953 954 955 956 957 958 959 960 961 962 963 964 965 966 967 968 969 970 971 972 973 974 975 976 977 978 979 980 981 982 983 984 985 986 4993 4994 4995 4996 4997 4998 4999 5000 5001 5002 5003 5004 5005 5006 5007 5008 5009 5010 5011 5012 5013 5014 5015 5016 5017 5018 5019 5020 5021 5022 5023 5024 5025 5026 5027 5028 5029 5030 5031 5032 5033 5034 5035 5036 5037 5038 5039 5040 5041 
0
_PICKEDSET47
0
2
0
1
SPIRAL-1
152
220 224 255 264 265 3327 3328 3329 3330 3331 3332 3333 3334 3335 3336 3337 3338 3339 3340 3341 3342 3343 3344 3345 3346 3347 3348 3349 3350 3351 3352 3353 3354 3355 3356 3357 3358 3359 3360 3361 3362 3596 3597 3598 3599 3600 3601 3602 3603 3604 3605 3606 3607 3608 3609 3610 3611 3612 3613 3614 3615 3616 3617 3618 3619 3620 3621 3622 3623 3624 3625 3626 3627 3628 3629 3630 3631 3632 3633 3634 13979 13980 13981 13982 13983 13984 13985 13986 13987 13988 13989 13990 13991 13992 13993 13994 13995 13996 13997 13998 13999 14000 14001 14002 14003 14004 14005 14006 14007 14008 14009 14010 14011 14012 14013 14014 14015 14016 14017 14018 14019 14020 14021 14022 14023 14024 14025 14026 14027 14028 14029 14030 14031 14032 14033 14034 14035 14036 14037 14038 14039 14040 14041 14042 14043 14044 14045 14046 14047 14048 14049 14050 
0
1
SPIRAL-1
3
A-TAPE-SET
0
1
44
-2147483647
168 1 16 35 0 1 0 -1 -1 1050 9 -1879048181 -1342177267 -1879048175 -1342177261 -1879048169 -1610612711 -1610612708 -1879048161 -1879048159 1 52 79 2 3 25 171 2 176 3 5 13 334 654 2434 2 62 2578 2 110 2834 1 4775 316 
0
0
B-TAPE-SET
0
1
113
-2147483647
444 1 16 104 0 1 0 -1 -1 1488 8 -1073741814 -268435436 -1073741788 -1073741778 -1073741750 -268435378 -1073741736 -1073741731 1 256 -1 1073555145 822067228 7405440 1074422271 -1073873728 -16779265 65503 961 192 2 320 -134217728 -1 16777215 0 67108800 1073741312 -1 -1 7 0 -2048 127 1601 256 -128 536870911 0 0 -524288 8388607 -262144 8388607 2049 832 -33554432 -1 -1 1 -3670272 1 0 0 134152192 0 -1048576 0 -4 2147483647 -1 -1 -131073 -1 -1 2147483647 -1 -1 -1 -1 -131073 2147483647 5089 64 -4 1 5601 96 2 1088 -134217728 -1 15 -131072 -1 255 8193 96 -1024 -1 524287 8801 288 -1073741824 -1 -1 -1 -1 -1 -1 -1 1048575 
0
0
PLYWOOD-SET
0
1
151
-2147483647
596 1 16 142 0 1 0 -1 -1 29412 43 -1879048147 -1879048145 -1879048143 -1879048141 -1879048139 -1879048137 -1342177223 -1879048131 -1342177217 -1879048125 -1342177211 -1879048119 -1610612661 -1879048114 -1879048112 -1610612654 -1879048107 -1879048105 -1610612647 -1879048100 -1879048098 -1610612640 -1879048093 -1879048091 -1610612633 -1879048086 -1879048084 -1879048082 -1879048080 -1879048078 -1879048076 -1879048074 -1879048072 -1879048070 -1879048068 -1879048066 -1879048064 -1879048062 -1879048060 -1879048058 -1879048056 -1879048054 -1879048052 1 40 42 8 53 1 55 2 58 3 62 17 82 2 2 3 88 16 107 2 2 3 113 16 132 2 2 3 138 33 179 2 2 183 3 187 2 192 2 2 196 3 200 2 205 2 2 209 3 213 2 218 2 2 222 3 226 2 231 2 2 235 3 239 175 418 108 530 144 678 60 742 44 789 196 988 1446 2435 61 2497 81 2579 109 2689 145 2835 1940 5122 506 5669 1037 6761 1442 8276 555 9077 21182 
0
0
0
0
0
