Analysis initiated from SIMULIA established products
Abaqus JOB static_traction-success-63
Abaqus 2025
Abaqus License Manager checked out the following licenses:
Abaqus/Standard checked out 5 tokens from Flexnet server hlrslic1.hlrs.de.
<309 out of 400 licenses remain available>.
Begin Analysis Input File Processor
2/22/2026 3:07:50 PM
Run pre.exe
2/22/2026 3:07:56 PM
End Analysis Input File Processor
Begin Abaqus/Standard Analysis
2/22/2026 3:07:56 PM
Run standard.exe
2/22/2026 3:12:49 PM
Abaqus Error: Abaqus/Standard Analysis exited with an error - Please see the 
message file for possible error messages if the file exists.
Begin SIM Wrap-up
2/22/2026 3:12:51 PM
Run SMASimUtility.exe
2/22/2026 3:12:51 PM
End SIM Wrap-up
Abaqus/Analysis exited with errors
