Analysis initiated from SIMULIA established products
Abaqus JOB statics_traction_Job-3
Abaqus 2025
Abaqus License Manager checked out the following licenses:
Abaqus/Standard checked out 5 tokens from Flexnet server hlrslic1.hlrs.de.
<294 out of 400 licenses remain available>.
Begin Analysis Input File Processor
2/10/2026 3:26:14 PM
Run pre.exe
2/10/2026 3:26:24 PM
End Analysis Input File Processor
Begin Abaqus/Standard Analysis
2/10/2026 3:26:24 PM
Run standard.exe
2/10/2026 3:26:53 PM
Abaqus Error: Abaqus/Standard Analysis exited with an error - Please see the 
message file for possible error messages if the file exists.
Begin SIM Wrap-up
2/10/2026 3:26:55 PM
Run SMASimUtility.exe
2/10/2026 3:26:55 PM
End SIM Wrap-up
Abaqus/Analysis exited with errors
