Analysis initiated from SIMULIA established products
Abaqus JOB statics_displacement_Job-55
Abaqus 2025
Abaqus License Manager checked out the following licenses:
Abaqus/Standard checked out 5 tokens from Flexnet server hlrslic1.hlrs.de.
<330 out of 400 licenses remain available>.
Begin Analysis Input File Processor
2/22/2026 1:08:56 AM
Run pre.exe
2/22/2026 1:09:02 AM
End Analysis Input File Processor
Begin Abaqus/Standard Analysis
2/22/2026 1:09:02 AM
Run standard.exe
2/22/2026 1:13:48 AM
Abaqus Error: Abaqus/Standard Analysis exited with an error - Please see the 
message file for possible error messages if the file exists.
Begin SIM Wrap-up
2/22/2026 1:13:49 AM
Run SMASimUtility.exe
2/22/2026 1:13:49 AM
End SIM Wrap-up
Abaqus/Analysis exited with errors
