Analysis initiated from SIMULIA established products
Abaqus JOB statics_displacement_Job-56
Abaqus 2025
Abaqus License Manager checked out the following licenses:
Abaqus/Standard checked out 5 tokens from Flexnet server hlrslic1.hlrs.de.
<302 out of 400 licenses remain available>.
Begin Analysis Input File Processor
2/22/2026 12:52:04 AM
Run pre.exe
2/22/2026 12:52:11 AM
End Analysis Input File Processor
Begin Abaqus/Standard Analysis
2/22/2026 12:52:11 AM
Run standard.exe
2/22/2026 12:54:22 AM
End Abaqus/Standard Analysis
Begin SIM Wrap-up
2/22/2026 12:54:23 AM
Run SMASimUtility.exe
2/22/2026 12:54:23 AM
End SIM Wrap-up
Abaqus JOB statics_displacement_Job-56 COMPLETED
