Analysis initiated from SIMULIA established products
Abaqus JOB static_traction-finemesh
Abaqus 2025
Abaqus License Manager checked out the following licenses:
Abaqus/Standard checked out 5 tokens from Flexnet server hlrslic1.hlrs.de.
<317 out of 400 licenses remain available>.
Begin Analysis Input File Processor
2/22/2026 3:52:40 AM
Run pre.exe
2/22/2026 3:52:46 AM
End Analysis Input File Processor
Begin Abaqus/Standard Analysis
2/22/2026 3:52:46 AM
Run standard.exe
2/22/2026 4:01:41 AM
End Abaqus/Standard Analysis
Begin SIM Wrap-up
2/22/2026 4:01:42 AM
Run SMASimUtility.exe
2/22/2026 4:01:42 AM
End SIM Wrap-up
Abaqus JOB static_traction-finemesh COMPLETED
