Analysis initiated from SIMULIA established products
Abaqus JOB Static_Job-2
Abaqus 2025
Abaqus License Manager checked out the following licenses:
Abaqus/Standard checked out 5 tokens from Flexnet server hlrslic1.hlrs.de.
<294 out of 400 licenses remain available>.
Begin Analysis Input File Processor
2/10/2026 1:14:23 PM
Run pre.exe
2/10/2026 1:14:31 PM
End Analysis Input File Processor
Begin Abaqus/Standard Datacheck
Begin Abaqus/Standard Analysis
2/10/2026 1:14:31 PM
Run standard.exe
2/10/2026 1:14:40 PM
End Abaqus/Standard Analysis
Begin SIM Wrap-up
2/10/2026 1:14:41 PM
Run SMASimUtility.exe
2/10/2026 1:14:41 PM
End SIM Wrap-up
Abaqus JOB Static_Job-2 COMPLETED
