Analysis initiated from SIMULIA established products
Abaqus JOB static_pressure_Job-3
Abaqus 2025
Abaqus License Manager checked out the following licenses:
Abaqus/Standard checked out 5 tokens from Flexnet server hlrslic1.hlrs.de.
<292 out of 400 licenses remain available>.
Begin Analysis Input File Processor
2/10/2026 5:05:59 PM
Run pre.exe
2/10/2026 5:06:07 PM
End Analysis Input File Processor
Begin Abaqus/Standard Analysis
2/10/2026 5:06:07 PM
Run standard.exe
2/10/2026 5:14:14 PM
End Abaqus/Standard Analysis
Begin SIM Wrap-up
2/10/2026 5:14:15 PM
Run SMASimUtility.exe
2/10/2026 5:14:15 PM
End SIM Wrap-up
Abaqus JOB static_pressure_Job-3 COMPLETED
